<?xml version="1.0" encoding="UTF-8"?>
<!-- Generated by org.testng.reporters.JUnitReportReporter -->
<testsuite hostname="Lenovo" failures="0" tests="1" name="accessibility.HomePageTest" time="1.929" errors="0" timestamp="2023-03-02T09:53:28 IST" skipped="0">
  <testcase classname="accessibility.HomePageTest" name="HomePage" time="1.929"/>
  <system-out/>
</testsuite> <!-- accessibility.HomePageTest -->
