<?xml version="1.0" encoding="UTF-8"?>
<!-- Generated by org.testng.reporters.JUnitReportReporter -->
<testsuite hostname="Lenovo" failures="0" tests="1" name="accessibility.Homepage" time="0.088" errors="1" timestamp="2023-03-01T18:30:04 IST" skipped="0">
  <testcase classname="accessibility.Homepage" name="EnterEmail" time="0.088">
    <error type="java.lang.StackOverflowError">
      <![CDATA[java.lang.StackOverflowError
at accessibility.Homepage.EnterEmail(Homepage.java:28)
at accessibility.Homepage.EnterEmail(Homepage.java:28)
at accessibility.Homepage.EnterEmail(Homepage.java:28)
at accessibility.Homepage.EnterEmail(Homepage.java:28)
at accessibility.Homepage.EnterEmail(Homepage.java:28)
at accessibility.Homepage.EnterEmail(Homepage.java:28)
at accessibility.Homepage.EnterEmail(Homepage.java:28)
at accessibility.Homepage.EnterEmail(Homepage.java:28)
at accessibility.Homepage.EnterEmail(Homepage.java:28)
at accessibility.Homepage.EnterEmail(Homepage.java:28)
at accessibility.Homepage.EnterEmail(Homepage.java:28)
at accessibility.Homepage.EnterEmail(Homepage.java:28)
at accessibility.Homepage.EnterEmail(Homepage.java:28)
at accessibility.Homepage.EnterEmail(Homepage.java:28)
at accessibility.Homepage.EnterEmail(Homepage.java:28)
at accessibility.Homepage.EnterEmail(Homepage.java:28)
at accessibility.Homepage.EnterEmail(Homepage.java:28)
at accessibility.Homepage.EnterEmail(Homepage.java:28)
at accessibility.Homepage.EnterEmail(Homepage.java:28)
at accessibility.Homepage.EnterEmail(Homepage.java:28)
at accessibility.Homepage.EnterEmail(Homepage.java:28)
at accessibility.Homepage.EnterEmail(Homepage.java:28)
at accessibility.Homepage.EnterEmail(Homepage.java:28)
at accessibility.Homepage.EnterEmail(Homepage.java:28)
at accessibility.Homepage.EnterEmail(Homepage.java:28)
at accessibility.Homepage.EnterEmail(Homepage.java:28)
at accessibility.Homepage.EnterEmail(Homepage.java:28)
at accessibility.Homepage.EnterEmail(Homepage.java:28)
at accessibility.Homepage.EnterEmail(Homepage.java:28)
at accessibility.Homepage.EnterEmail(Homepage.java:28)
at accessibility.Homepage.EnterEmail(Homepage.java:28)
at accessibility.Homepage.EnterEmail(Homepage.java:28)
at accessibility.Homepage.EnterEmail(Homepage.java:28)
at accessibility.Homepage.EnterEmail(Homepage.java:28)
at accessibility.Homepage.EnterEmail(Homepage.java:28)
at accessibility.Homepage.EnterEmail(Homepage.java:28)
at accessibility.Homepage.EnterEmail(Homepage.java:28)
at accessibility.Homepage.EnterEmail(Homepage.java:28)
at accessibility.Homepage.EnterEmail(Homepage.java:28)
at accessibility.Homepage.EnterEmail(Homepage.java:28)
at accessibility.Homepage.EnterEmail(Homepage.java:28)
at accessibility.Homepage.EnterEmail(Homepage.java:28)
at accessibility.Homepage.EnterEmail(Homepage.java:28)
at accessibility.Homepage.EnterEmail(Homepage.java:28)
at accessibility.Homepage.EnterEmail(Homepage.java:28)
at accessibility.Homepage.EnterEmail(Homepage.java:28)
at accessibility.Homepage.EnterEmail(Homepage.java:28)
at accessibility.Homepage.EnterEmail(Homepage.java:28)
at accessibility.Homepage.EnterEmail(Homepage.java:28)
at accessibility.Homepage.EnterEmail(Homepage.java:28)
at accessibility.Homepage.EnterEmail(Homepage.java:28)
at accessibility.Homepage.EnterEmail(Homepage.java:28)
at accessibility.Homepage.EnterEmail(Homepage.java:28)
at accessibility.Homepage.EnterEmail(Homepage.java:28)
at accessibility.Homepage.EnterEmail(Homepage.java:28)
at accessibility.Homepage.EnterEmail(Homepage.java:28)
at accessibility.Homepage.EnterEmail(Homepage.java:28)
at accessibility.Homepage.EnterEmail(Homepage.java:28)
at accessibility.Homepage.EnterEmail(Homepage.java:28)
at accessibility.Homepage.EnterEmail(Homepage.java:28)
at accessibility.Homepage.EnterEmail(Homepage.java:28)
at accessibility.Homepage.EnterEmail(Homepage.java:28)
at accessibility.Homepage.EnterEmail(Homepage.java:28)
at accessibility.Homepage.EnterEmail(Homepage.java:28)
at accessibility.Homepage.EnterEmail(Homepage.java:28)
at accessibility.Homepage.EnterEmail(Homepage.java:28)
at accessibility.Homepage.EnterEmail(Homepage.java:28)
at accessibility.Homepage.EnterEmail(Homepage.java:28)
at accessibility.Homepage.EnterEmail(Homepage.java:28)
at accessibility.Homepage.EnterEmail(Homepage.java:28)
at accessibility.Homepage.EnterEmail(Homepage.java:28)
at accessibility.Homepage.EnterEmail(Homepage.java:28)
at accessibility.Homepage.EnterEmail(Homepage.java:28)
at accessibility.Homepage.EnterEmail(Homepage.java:28)
at accessibility.Homepage.EnterEmail(Homepage.java:28)
at accessibility.Homepage.EnterEmail(Homepage.java:28)
at accessibility.Homepage.EnterEmail(Homepage.java:28)
at accessibility.Homepage.EnterEmail(Homepage.java:28)
at accessibility.Homepage.EnterEmail(Homepage.java:28)
at accessibility.Homepage.EnterEmail(Homepage.java:28)
at accessibility.Homepage.EnterEmail(Homepage.java:28)
at accessibility.Homepage.EnterEmail(Homepage.java:28)
at accessibility.Homepage.EnterEmail(Homepage.java:28)
at accessibility.Homepage.EnterEmail(Homepage.java:28)
at accessibility.Homepage.EnterEmail(Homepage.java:28)
at accessibility.Homepage.EnterEmail(Homepage.java:28)
at accessibility.Homepage.EnterEmail(Homepage.java:28)
at accessibility.Homepage.EnterEmail(Homepage.java:28)
at accessibility.Homepage.EnterEmail(Homepage.java:28)
at accessibility.Homepage.EnterEmail(Homepage.java:28)
at accessibility.Homepage.EnterEmail(Homepage.java:28)
at accessibility.Homepage.EnterEmail(Homepage.java:28)
at accessibility.Homepage.EnterEmail(Homepage.java:28)
at accessibility.Homepage.EnterEmail(Homepage.java:28)
at accessibility.Homepage.EnterEmail(Homepage.java:28)
at accessibility.Homepage.EnterEmail(Homepage.java:28)
at accessibility.Homepage.EnterEmail(Homepage.java:28)
at accessibility.Homepage.EnterEmail(Homepage.java:28)
at accessibility.Homepage.EnterEmail(Homepage.java:28)
at accessibility.Homepage.EnterEmail(Homepage.java:28)
at accessibility.Homepage.EnterEmail(Homepage.java:28)
at accessibility.Homepage.EnterEmail(Homepage.java:28)
at accessibility.Homepage.EnterEmail(Homepage.java:28)
at accessibility.Homepage.EnterEmail(Homepage.java:28)
at accessibility.Homepage.EnterEmail(Homepage.java:28)
at accessibility.Homepage.EnterEmail(Homepage.java:28)
at accessibility.Homepage.EnterEmail(Homepage.java:28)
at accessibility.Homepage.EnterEmail(Homepage.java:28)
at accessibility.Homepage.EnterEmail(Homepage.java:28)
at accessibility.Homepage.EnterEmail(Homepage.java:28)
at accessibility.Homepage.EnterEmail(Homepage.java:28)
at accessibility.Homepage.EnterEmail(Homepage.java:28)
at accessibility.Homepage.EnterEmail(Homepage.java:28)
at accessibility.Homepage.EnterEmail(Homepage.java:28)
at accessibility.Homepage.EnterEmail(Homepage.java:28)
at accessibility.Homepage.EnterEmail(Homepage.java:28)
at accessibility.Homepage.EnterEmail(Homepage.java:28)
at accessibility.Homepage.EnterEmail(Homepage.java:28)
at accessibility.Homepage.EnterEmail(Homepage.java:28)
at accessibility.Homepage.EnterEmail(Homepage.java:28)
at accessibility.Homepage.EnterEmail(Homepage.java:28)
at accessibility.Homepage.EnterEmail(Homepage.java:28)
at accessibility.Homepage.EnterEmail(Homepage.java:28)
at accessibility.Homepage.EnterEmail(Homepage.java:28)
at accessibility.Homepage.EnterEmail(Homepage.java:28)
at accessibility.Homepage.EnterEmail(Homepage.java:28)
at accessibility.Homepage.EnterEmail(Homepage.java:28)
at accessibility.Homepage.EnterEmail(Homepage.java:28)
at accessibility.Homepage.EnterEmail(Homepage.java:28)
at accessibility.Homepage.EnterEmail(Homepage.java:28)
at accessibility.Homepage.EnterEmail(Homepage.java:28)
at accessibility.Homepage.EnterEmail(Homepage.java:28)
at accessibility.Homepage.EnterEmail(Homepage.java:28)
at accessibility.Homepage.EnterEmail(Homepage.java:28)
at accessibility.Homepage.EnterEmail(Homepage.java:28)
at accessibility.Homepage.EnterEmail(Homepage.java:28)
at accessibility.Homepage.EnterEmail(Homepage.java:28)
at accessibility.Homepage.EnterEmail(Homepage.java:28)
at accessibility.Homepage.EnterEmail(Homepage.java:28)
at accessibility.Homepage.EnterEmail(Homepage.java:28)
at accessibility.Homepage.EnterEmail(Homepage.java:28)
at accessibility.Homepage.EnterEmail(Homepage.java:28)
at accessibility.Homepage.EnterEmail(Homepage.java:28)
at accessibility.Homepage.EnterEmail(Homepage.java:28)
at accessibility.Homepage.EnterEmail(Homepage.java:28)
at accessibility.Homepage.EnterEmail(Homepage.java:28)
at accessibility.Homepage.EnterEmail(Homepage.java:28)
at accessibility.Homepage.EnterEmail(Homepage.java:28)
at accessibility.Homepage.EnterEmail(Homepage.java:28)
at accessibility.Homepage.EnterEmail(Homepage.java:28)
at accessibility.Homepage.EnterEmail(Homepage.java:28)
at accessibility.Homepage.EnterEmail(Homepage.java:28)
at accessibility.Homepage.EnterEmail(Homepage.java:28)
at accessibility.Homepage.EnterEmail(Homepage.java:28)
at accessibility.Homepage.EnterEmail(Homepage.java:28)
at accessibility.Homepage.EnterEmail(Homepage.java:28)
at accessibility.Homepage.EnterEmail(Homepage.java:28)
at accessibility.Homepage.EnterEmail(Homepage.java:28)
at accessibility.Homepage.EnterEmail(Homepage.java:28)
at accessibility.Homepage.EnterEmail(Homepage.java:28)
at accessibility.Homepage.EnterEmail(Homepage.java:28)
at accessibility.Homepage.EnterEmail(Homepage.java:28)
at accessibility.Homepage.EnterEmail(Homepage.java:28)
at accessibility.Homepage.EnterEmail(Homepage.java:28)
at accessibility.Homepage.EnterEmail(Homepage.java:28)
at accessibility.Homepage.EnterEmail(Homepage.java:28)
at accessibility.Homepage.EnterEmail(Homepage.java:28)
at accessibility.Homepage.EnterEmail(Homepage.java:28)
at accessibility.Homepage.EnterEmail(Homepage.java:28)
at accessibility.Homepage.EnterEmail(Homepage.java:28)
at accessibility.Homepage.EnterEmail(Homepage.java:28)
at accessibility.Homepage.EnterEmail(Homepage.java:28)
at accessibility.Homepage.EnterEmail(Homepage.java:28)
at accessibility.Homepage.EnterEmail(Homepage.java:28)
at accessibility.Homepage.EnterEmail(Homepage.java:28)
at accessibility.Homepage.EnterEmail(Homepage.java:28)
at accessibility.Homepage.EnterEmail(Homepage.java:28)
at accessibility.Homepage.EnterEmail(Homepage.java:28)
at accessibility.Homepage.EnterEmail(Homepage.java:28)
at accessibility.Homepage.EnterEmail(Homepage.java:28)
at accessibility.Homepage.EnterEmail(Homepage.java:28)
at accessibility.Homepage.EnterEmail(Homepage.java:28)
at accessibility.Homepage.EnterEmail(Homepage.java:28)
at accessibility.Homepage.EnterEmail(Homepage.java:28)
at accessibility.Homepage.EnterEmail(Homepage.java:28)
at accessibility.Homepage.EnterEmail(Homepage.java:28)
at accessibility.Homepage.EnterEmail(Homepage.java:28)
at accessibility.Homepage.EnterEmail(Homepage.java:28)
at accessibility.Homepage.EnterEmail(Homepage.java:28)
at accessibility.Homepage.EnterEmail(Homepage.java:28)
at accessibility.Homepage.EnterEmail(Homepage.java:28)
at accessibility.Homepage.EnterEmail(Homepage.java:28)
at accessibility.Homepage.EnterEmail(Homepage.java:28)
at accessibility.Homepage.EnterEmail(Homepage.java:28)
at accessibility.Homepage.EnterEmail(Homepage.java:28)
at accessibility.Homepage.EnterEmail(Homepage.java:28)
at accessibility.Homepage.EnterEmail(Homepage.java:28)
at accessibility.Homepage.EnterEmail(Homepage.java:28)
at accessibility.Homepage.EnterEmail(Homepage.java:28)
at accessibility.Homepage.EnterEmail(Homepage.java:28)
at accessibility.Homepage.EnterEmail(Homepage.java:28)
at accessibility.Homepage.EnterEmail(Homepage.java:28)
at accessibility.Homepage.EnterEmail(Homepage.java:28)
at accessibility.Homepage.EnterEmail(Homepage.java:28)
at accessibility.Homepage.EnterEmail(Homepage.java:28)
at accessibility.Homepage.EnterEmail(Homepage.java:28)
at accessibility.Homepage.EnterEmail(Homepage.java:28)
at accessibility.Homepage.EnterEmail(Homepage.java:28)
at accessibility.Homepage.EnterEmail(Homepage.java:28)
at accessibility.Homepage.EnterEmail(Homepage.java:28)
at accessibility.Homepage.EnterEmail(Homepage.java:28)
at accessibility.Homepage.EnterEmail(Homepage.java:28)
at accessibility.Homepage.EnterEmail(Homepage.java:28)
at accessibility.Homepage.EnterEmail(Homepage.java:28)
at accessibility.Homepage.EnterEmail(Homepage.java:28)
at accessibility.Homepage.EnterEmail(Homepage.java:28)
at accessibility.Homepage.EnterEmail(Homepage.java:28)
at accessibility.Homepage.EnterEmail(Homepage.java:28)
at accessibility.Homepage.EnterEmail(Homepage.java:28)
at accessibility.Homepage.EnterEmail(Homepage.java:28)
at accessibility.Homepage.EnterEmail(Homepage.java:28)
at accessibility.Homepage.EnterEmail(Homepage.java:28)
at accessibility.Homepage.EnterEmail(Homepage.java:28)
at accessibility.Homepage.EnterEmail(Homepage.java:28)
at accessibility.Homepage.EnterEmail(Homepage.java:28)
at accessibility.Homepage.EnterEmail(Homepage.java:28)
at accessibility.Homepage.EnterEmail(Homepage.java:28)
at accessibility.Homepage.EnterEmail(Homepage.java:28)
at accessibility.Homepage.EnterEmail(Homepage.java:28)
at accessibility.Homepage.EnterEmail(Homepage.java:28)
at accessibility.Homepage.EnterEmail(Homepage.java:28)
at accessibility.Homepage.EnterEmail(Homepage.java:28)
at accessibility.Homepage.EnterEmail(Homepage.java:28)
at accessibility.Homepage.EnterEmail(Homepage.java:28)
at accessibility.Homepage.EnterEmail(Homepage.java:28)
at accessibility.Homepage.EnterEmail(Homepage.java:28)
at accessibility.Homepage.EnterEmail(Homepage.java:28)
at accessibility.Homepage.EnterEmail(Homepage.java:28)
at accessibility.Homepage.EnterEmail(Homepage.java:28)
at accessibility.Homepage.EnterEmail(Homepage.java:28)
at accessibility.Homepage.EnterEmail(Homepage.java:28)
at accessibility.Homepage.EnterEmail(Homepage.java:28)
at accessibility.Homepage.EnterEmail(Homepage.java:28)
at accessibility.Homepage.EnterEmail(Homepage.java:28)
at accessibility.Homepage.EnterEmail(Homepage.java:28)
at accessibility.Homepage.EnterEmail(Homepage.java:28)
at accessibility.Homepage.EnterEmail(Homepage.java:28)
at accessibility.Homepage.EnterEmail(Homepage.java:28)
at accessibility.Homepage.EnterEmail(Homepage.java:28)
at accessibility.Homepage.EnterEmail(Homepage.java:28)
at accessibility.Homepage.EnterEmail(Homepage.java:28)
at accessibility.Homepage.EnterEmail(Homepage.java:28)
at accessibility.Homepage.EnterEmail(Homepage.java:28)
at accessibility.Homepage.EnterEmail(Homepage.java:28)
at accessibility.Homepage.EnterEmail(Homepage.java:28)
at accessibility.Homepage.EnterEmail(Homepage.java:28)
at accessibility.Homepage.EnterEmail(Homepage.java:28)
at accessibility.Homepage.EnterEmail(Homepage.java:28)
at accessibility.Homepage.EnterEmail(Homepage.java:28)
at accessibility.Homepage.EnterEmail(Homepage.java:28)
at accessibility.Homepage.EnterEmail(Homepage.java:28)
at accessibility.Homepage.EnterEmail(Homepage.java:28)
at accessibility.Homepage.EnterEmail(Homepage.java:28)
at accessibility.Homepage.EnterEmail(Homepage.java:28)
at accessibility.Homepage.EnterEmail(Homepage.java:28)
at accessibility.Homepage.EnterEmail(Homepage.java:28)
at accessibility.Homepage.EnterEmail(Homepage.java:28)
at accessibility.Homepage.EnterEmail(Homepage.java:28)
at accessibility.Homepage.EnterEmail(Homepage.java:28)
at accessibility.Homepage.EnterEmail(Homepage.java:28)
at accessibility.Homepage.EnterEmail(Homepage.java:28)
at accessibility.Homepage.EnterEmail(Homepage.java:28)
at accessibility.Homepage.EnterEmail(Homepage.java:28)
at accessibility.Homepage.EnterEmail(Homepage.java:28)
at accessibility.Homepage.EnterEmail(Homepage.java:28)
at accessibility.Homepage.EnterEmail(Homepage.java:28)
at accessibility.Homepage.EnterEmail(Homepage.java:28)
at accessibility.Homepage.EnterEmail(Homepage.java:28)
at accessibility.Homepage.EnterEmail(Homepage.java:28)
at accessibility.Homepage.EnterEmail(Homepage.java:28)
at accessibility.Homepage.EnterEmail(Homepage.java:28)
at accessibility.Homepage.EnterEmail(Homepage.java:28)
at accessibility.Homepage.EnterEmail(Homepage.java:28)
at accessibility.Homepage.EnterEmail(Homepage.java:28)
at accessibility.Homepage.EnterEmail(Homepage.java:28)
at accessibility.Homepage.EnterEmail(Homepage.java:28)
at accessibility.Homepage.EnterEmail(Homepage.java:28)
at accessibility.Homepage.EnterEmail(Homepage.java:28)
at accessibility.Homepage.EnterEmail(Homepage.java:28)
at accessibility.Homepage.EnterEmail(Homepage.java:28)
at accessibility.Homepage.EnterEmail(Homepage.java:28)
at accessibility.Homepage.EnterEmail(Homepage.java:28)
at accessibility.Homepage.EnterEmail(Homepage.java:28)
at accessibility.Homepage.EnterEmail(Homepage.java:28)
at accessibility.Homepage.EnterEmail(Homepage.java:28)
at accessibility.Homepage.EnterEmail(Homepage.java:28)
at accessibility.Homepage.EnterEmail(Homepage.java:28)
at accessibility.Homepage.EnterEmail(Homepage.java:28)
at accessibility.Homepage.EnterEmail(Homepage.java:28)
at accessibility.Homepage.EnterEmail(Homepage.java:28)
at accessibility.Homepage.EnterEmail(Homepage.java:28)
at accessibility.Homepage.EnterEmail(Homepage.java:28)
at accessibility.Homepage.EnterEmail(Homepage.java:28)
at accessibility.Homepage.EnterEmail(Homepage.java:28)
at accessibility.Homepage.EnterEmail(Homepage.java:28)
at accessibility.Homepage.EnterEmail(Homepage.java:28)
at accessibility.Homepage.EnterEmail(Homepage.java:28)
at accessibility.Homepage.EnterEmail(Homepage.java:28)
at accessibility.Homepage.EnterEmail(Homepage.java:28)
at accessibility.Homepage.EnterEmail(Homepage.java:28)
at accessibility.Homepage.EnterEmail(Homepage.java:28)
at accessibility.Homepage.EnterEmail(Homepage.java:28)
at accessibility.Homepage.EnterEmail(Homepage.java:28)
at accessibility.Homepage.EnterEmail(Homepage.java:28)
at accessibility.Homepage.EnterEmail(Homepage.java:28)
at accessibility.Homepage.EnterEmail(Homepage.java:28)
at accessibility.Homepage.EnterEmail(Homepage.java:28)
at accessibility.Homepage.EnterEmail(Homepage.java:28)
at accessibility.Homepage.EnterEmail(Homepage.java:28)
at accessibility.Homepage.EnterEmail(Homepage.java:28)
at accessibility.Homepage.EnterEmail(Homepage.java:28)
at accessibility.Homepage.EnterEmail(Homepage.java:28)
at accessibility.Homepage.EnterEmail(Homepage.java:28)
at accessibility.Homepage.EnterEmail(Homepage.java:28)
at accessibility.Homepage.EnterEmail(Homepage.java:28)
at accessibility.Homepage.EnterEmail(Homepage.java:28)
at accessibility.Homepage.EnterEmail(Homepage.java:28)
at accessibility.Homepage.EnterEmail(Homepage.java:28)
at accessibility.Homepage.EnterEmail(Homepage.java:28)
at accessibility.Homepage.EnterEmail(Homepage.java:28)
at accessibility.Homepage.EnterEmail(Homepage.java:28)
at accessibility.Homepage.EnterEmail(Homepage.java:28)
at accessibility.Homepage.EnterEmail(Homepage.java:28)
at accessibility.Homepage.EnterEmail(Homepage.java:28)
at accessibility.Homepage.EnterEmail(Homepage.java:28)
at accessibility.Homepage.EnterEmail(Homepage.java:28)
at accessibility.Homepage.EnterEmail(Homepage.java:28)
at accessibility.Homepage.EnterEmail(Homepage.java:28)
at accessibility.Homepage.EnterEmail(Homepage.java:28)
at accessibility.Homepage.EnterEmail(Homepage.java:28)
at accessibility.Homepage.EnterEmail(Homepage.java:28)
at accessibility.Homepage.EnterEmail(Homepage.java:28)
at accessibility.Homepage.EnterEmail(Homepage.java:28)
at accessibility.Homepage.EnterEmail(Homepage.java:28)
at accessibility.Homepage.EnterEmail(Homepage.java:28)
at accessibility.Homepage.EnterEmail(Homepage.java:28)
at accessibility.Homepage.EnterEmail(Homepage.java:28)
at accessibility.Homepage.EnterEmail(Homepage.java:28)
at accessibility.Homepage.EnterEmail(Homepage.java:28)
at accessibility.Homepage.EnterEmail(Homepage.java:28)
at accessibility.Homepage.EnterEmail(Homepage.java:28)
at accessibility.Homepage.EnterEmail(Homepage.java:28)
at accessibility.Homepage.EnterEmail(Homepage.java:28)
at accessibility.Homepage.EnterEmail(Homepage.java:28)
at accessibility.Homepage.EnterEmail(Homepage.java:28)
at accessibility.Homepage.EnterEmail(Homepage.java:28)
at accessibility.Homepage.EnterEmail(Homepage.java:28)
at accessibility.Homepage.EnterEmail(Homepage.java:28)
at accessibility.Homepage.EnterEmail(Homepage.java:28)
at accessibility.Homepage.EnterEmail(Homepage.java:28)
at accessibility.Homepage.EnterEmail(Homepage.java:28)
at accessibility.Homepage.EnterEmail(Homepage.java:28)
at accessibility.Homepage.EnterEmail(Homepage.java:28)
at accessibility.Homepage.EnterEmail(Homepage.java:28)
at accessibility.Homepage.EnterEmail(Homepage.java:28)
at accessibility.Homepage.EnterEmail(Homepage.java:28)
at accessibility.Homepage.EnterEmail(Homepage.java:28)
at accessibility.Homepage.EnterEmail(Homepage.java:28)
at accessibility.Homepage.EnterEmail(Homepage.java:28)
at accessibility.Homepage.EnterEmail(Homepage.java:28)
at accessibility.Homepage.EnterEmail(Homepage.java:28)
at accessibility.Homepage.EnterEmail(Homepage.java:28)
at accessibility.Homepage.EnterEmail(Homepage.java:28)
at accessibility.Homepage.EnterEmail(Homepage.java:28)
at accessibility.Homepage.EnterEmail(Homepage.java:28)
at accessibility.Homepage.EnterEmail(Homepage.java:28)
at accessibility.Homepage.EnterEmail(Homepage.java:28)
at accessibility.Homepage.EnterEmail(Homepage.java:28)
at accessibility.Homepage.EnterEmail(Homepage.java:28)
at accessibility.Homepage.EnterEmail(Homepage.java:28)
at accessibility.Homepage.EnterEmail(Homepage.java:28)
at accessibility.Homepage.EnterEmail(Homepage.java:28)
at accessibility.Homepage.EnterEmail(Homepage.java:28)
at accessibility.Homepage.EnterEmail(Homepage.java:28)
at accessibility.Homepage.EnterEmail(Homepage.java:28)
at accessibility.Homepage.EnterEmail(Homepage.java:28)
at accessibility.Homepage.EnterEmail(Homepage.java:28)
at accessibility.Homepage.EnterEmail(Homepage.java:28)
at accessibility.Homepage.EnterEmail(Homepage.java:28)
at accessibility.Homepage.EnterEmail(Homepage.java:28)
at accessibility.Homepage.EnterEmail(Homepage.java:28)
at accessibility.Homepage.EnterEmail(Homepage.java:28)
at accessibility.Homepage.EnterEmail(Homepage.java:28)
at accessibility.Homepage.EnterEmail(Homepage.java:28)
at accessibility.Homepage.EnterEmail(Homepage.java:28)
at accessibility.Homepage.EnterEmail(Homepage.java:28)
at accessibility.Homepage.EnterEmail(Homepage.java:28)
at accessibility.Homepage.EnterEmail(Homepage.java:28)
at accessibility.Homepage.EnterEmail(Homepage.java:28)
at accessibility.Homepage.EnterEmail(Homepage.java:28)
at accessibility.Homepage.EnterEmail(Homepage.java:28)
at accessibility.Homepage.EnterEmail(Homepage.java:28)
at accessibility.Homepage.EnterEmail(Homepage.java:28)
at accessibility.Homepage.EnterEmail(Homepage.java:28)
at accessibility.Homepage.EnterEmail(Homepage.java:28)
at accessibility.Homepage.EnterEmail(Homepage.java:28)
at accessibility.Homepage.EnterEmail(Homepage.java:28)
at accessibility.Homepage.EnterEmail(Homepage.java:28)
at accessibility.Homepage.EnterEmail(Homepage.java:28)
at accessibility.Homepage.EnterEmail(Homepage.java:28)
at accessibility.Homepage.EnterEmail(Homepage.java:28)
at accessibility.Homepage.EnterEmail(Homepage.java:28)
at accessibility.Homepage.EnterEmail(Homepage.java:28)
at accessibility.Homepage.EnterEmail(Homepage.java:28)
at accessibility.Homepage.EnterEmail(Homepage.java:28)
at accessibility.Homepage.EnterEmail(Homepage.java:28)
at accessibility.Homepage.EnterEmail(Homepage.java:28)
at accessibility.Homepage.EnterEmail(Homepage.java:28)
at accessibility.Homepage.EnterEmail(Homepage.java:28)
at accessibility.Homepage.EnterEmail(Homepage.java:28)
at accessibility.Homepage.EnterEmail(Homepage.java:28)
at accessibility.Homepage.EnterEmail(Homepage.java:28)
at accessibility.Homepage.EnterEmail(Homepage.java:28)
at accessibility.Homepage.EnterEmail(Homepage.java:28)
at accessibility.Homepage.EnterEmail(Homepage.java:28)
at accessibility.Homepage.EnterEmail(Homepage.java:28)
at accessibility.Homepage.EnterEmail(Homepage.java:28)
at accessibility.Homepage.EnterEmail(Homepage.java:28)
at accessibility.Homepage.EnterEmail(Homepage.java:28)
at accessibility.Homepage.EnterEmail(Homepage.java:28)
at accessibility.Homepage.EnterEmail(Homepage.java:28)
at accessibility.Homepage.EnterEmail(Homepage.java:28)
at accessibility.Homepage.EnterEmail(Homepage.java:28)
at accessibility.Homepage.EnterEmail(Homepage.java:28)
at accessibility.Homepage.EnterEmail(Homepage.java:28)
at accessibility.Homepage.EnterEmail(Homepage.java:28)
at accessibility.Homepage.EnterEmail(Homepage.java:28)
at accessibility.Homepage.EnterEmail(Homepage.java:28)
at accessibility.Homepage.EnterEmail(Homepage.java:28)
at accessibility.Homepage.EnterEmail(Homepage.java:28)
at accessibility.Homepage.EnterEmail(Homepage.java:28)
at accessibility.Homepage.EnterEmail(Homepage.java:28)
at accessibility.Homepage.EnterEmail(Homepage.java:28)
at accessibility.Homepage.EnterEmail(Homepage.java:28)
at accessibility.Homepage.EnterEmail(Homepage.java:28)
at accessibility.Homepage.EnterEmail(Homepage.java:28)
at accessibility.Homepage.EnterEmail(Homepage.java:28)
at accessibility.Homepage.EnterEmail(Homepage.java:28)
at accessibility.Homepage.EnterEmail(Homepage.java:28)
at accessibility.Homepage.EnterEmail(Homepage.java:28)
at accessibility.Homepage.EnterEmail(Homepage.java:28)
at accessibility.Homepage.EnterEmail(Homepage.java:28)
at accessibility.Homepage.EnterEmail(Homepage.java:28)
at accessibility.Homepage.EnterEmail(Homepage.java:28)
at accessibility.Homepage.EnterEmail(Homepage.java:28)
at accessibility.Homepage.EnterEmail(Homepage.java:28)
at accessibility.Homepage.EnterEmail(Homepage.java:28)
at accessibility.Homepage.EnterEmail(Homepage.java:28)
at accessibility.Homepage.EnterEmail(Homepage.java:28)
at accessibility.Homepage.EnterEmail(Homepage.java:28)
at accessibility.Homepage.EnterEmail(Homepage.java:28)
at accessibility.Homepage.EnterEmail(Homepage.java:28)
at accessibility.Homepage.EnterEmail(Homepage.java:28)
at accessibility.Homepage.EnterEmail(Homepage.java:28)
at accessibility.Homepage.EnterEmail(Homepage.java:28)
at accessibility.Homepage.EnterEmail(Homepage.java:28)
at accessibility.Homepage.EnterEmail(Homepage.java:28)
at accessibility.Homepage.EnterEmail(Homepage.java:28)
at accessibility.Homepage.EnterEmail(Homepage.java:28)
at accessibility.Homepage.EnterEmail(Homepage.java:28)
at accessibility.Homepage.EnterEmail(Homepage.java:28)
at accessibility.Homepage.EnterEmail(Homepage.java:28)
at accessibility.Homepage.EnterEmail(Homepage.java:28)
at accessibility.Homepage.EnterEmail(Homepage.java:28)
at accessibility.Homepage.EnterEmail(Homepage.java:28)
at accessibility.Homepage.EnterEmail(Homepage.java:28)
at accessibility.Homepage.EnterEmail(Homepage.java:28)
at accessibility.Homepage.EnterEmail(Homepage.java:28)
at accessibility.Homepage.EnterEmail(Homepage.java:28)
at accessibility.Homepage.EnterEmail(Homepage.java:28)
at accessibility.Homepage.EnterEmail(Homepage.java:28)
at accessibility.Homepage.EnterEmail(Homepage.java:28)
at accessibility.Homepage.EnterEmail(Homepage.java:28)
at accessibility.Homepage.EnterEmail(Homepage.java:28)
at accessibility.Homepage.EnterEmail(Homepage.java:28)
at accessibility.Homepage.EnterEmail(Homepage.java:28)
at accessibility.Homepage.EnterEmail(Homepage.java:28)
at accessibility.Homepage.EnterEmail(Homepage.java:28)
at accessibility.Homepage.EnterEmail(Homepage.java:28)
at accessibility.Homepage.EnterEmail(Homepage.java:28)
at accessibility.Homepage.EnterEmail(Homepage.java:28)
at accessibility.Homepage.EnterEmail(Homepage.java:28)
at accessibility.Homepage.EnterEmail(Homepage.java:28)
at accessibility.Homepage.EnterEmail(Homepage.java:28)
at accessibility.Homepage.EnterEmail(Homepage.java:28)
at accessibility.Homepage.EnterEmail(Homepage.java:28)
at accessibility.Homepage.EnterEmail(Homepage.java:28)
at accessibility.Homepage.EnterEmail(Homepage.java:28)
at accessibility.Homepage.EnterEmail(Homepage.java:28)
at accessibility.Homepage.EnterEmail(Homepage.java:28)
at accessibility.Homepage.EnterEmail(Homepage.java:28)
at accessibility.Homepage.EnterEmail(Homepage.java:28)
at accessibility.Homepage.EnterEmail(Homepage.java:28)
at accessibility.Homepage.EnterEmail(Homepage.java:28)
at accessibility.Homepage.EnterEmail(Homepage.java:28)
at accessibility.Homepage.EnterEmail(Homepage.java:28)
at accessibility.Homepage.EnterEmail(Homepage.java:28)
at accessibility.Homepage.EnterEmail(Homepage.java:28)
at accessibility.Homepage.EnterEmail(Homepage.java:28)
at accessibility.Homepage.EnterEmail(Homepage.java:28)
at accessibility.Homepage.EnterEmail(Homepage.java:28)
at accessibility.Homepage.EnterEmail(Homepage.java:28)
at accessibility.Homepage.EnterEmail(Homepage.java:28)
at accessibility.Homepage.EnterEmail(Homepage.java:28)
at accessibility.Homepage.EnterEmail(Homepage.java:28)
at accessibility.Homepage.EnterEmail(Homepage.java:28)
at accessibility.Homepage.EnterEmail(Homepage.java:28)
at accessibility.Homepage.EnterEmail(Homepage.java:28)
at accessibility.Homepage.EnterEmail(Homepage.java:28)
at accessibility.Homepage.EnterEmail(Homepage.java:28)
at accessibility.Homepage.EnterEmail(Homepage.java:28)
at accessibility.Homepage.EnterEmail(Homepage.java:28)
at accessibility.Homepage.EnterEmail(Homepage.java:28)
at accessibility.Homepage.EnterEmail(Homepage.java:28)
at accessibility.Homepage.EnterEmail(Homepage.java:28)
at accessibility.Homepage.EnterEmail(Homepage.java:28)
at accessibility.Homepage.EnterEmail(Homepage.java:28)
at accessibility.Homepage.EnterEmail(Homepage.java:28)
at accessibility.Homepage.EnterEmail(Homepage.java:28)
at accessibility.Homepage.EnterEmail(Homepage.java:28)
at accessibility.Homepage.EnterEmail(Homepage.java:28)
at accessibility.Homepage.EnterEmail(Homepage.java:28)
at accessibility.Homepage.EnterEmail(Homepage.java:28)
at accessibility.Homepage.EnterEmail(Homepage.java:28)
at accessibility.Homepage.EnterEmail(Homepage.java:28)
at accessibility.Homepage.EnterEmail(Homepage.java:28)
at accessibility.Homepage.EnterEmail(Homepage.java:28)
at accessibility.Homepage.EnterEmail(Homepage.java:28)
at accessibility.Homepage.EnterEmail(Homepage.java:28)
at accessibility.Homepage.EnterEmail(Homepage.java:28)
at accessibility.Homepage.EnterEmail(Homepage.java:28)
at accessibility.Homepage.EnterEmail(Homepage.java:28)
at accessibility.Homepage.EnterEmail(Homepage.java:28)
at accessibility.Homepage.EnterEmail(Homepage.java:28)
at accessibility.Homepage.EnterEmail(Homepage.java:28)
at accessibility.Homepage.EnterEmail(Homepage.java:28)
at accessibility.Homepage.EnterEmail(Homepage.java:28)
at accessibility.Homepage.EnterEmail(Homepage.java:28)
at accessibility.Homepage.EnterEmail(Homepage.java:28)
at accessibility.Homepage.EnterEmail(Homepage.java:28)
at accessibility.Homepage.EnterEmail(Homepage.java:28)
at accessibility.Homepage.EnterEmail(Homepage.java:28)
at accessibility.Homepage.EnterEmail(Homepage.java:28)
at accessibility.Homepage.EnterEmail(Homepage.java:28)
at accessibility.Homepage.EnterEmail(Homepage.java:28)
at accessibility.Homepage.EnterEmail(Homepage.java:28)
at accessibility.Homepage.EnterEmail(Homepage.java:28)
at accessibility.Homepage.EnterEmail(Homepage.java:28)
at accessibility.Homepage.EnterEmail(Homepage.java:28)
at accessibility.Homepage.EnterEmail(Homepage.java:28)
at accessibility.Homepage.EnterEmail(Homepage.java:28)
at accessibility.Homepage.EnterEmail(Homepage.java:28)
at accessibility.Homepage.EnterEmail(Homepage.java:28)
at accessibility.Homepage.EnterEmail(Homepage.java:28)
at accessibility.Homepage.EnterEmail(Homepage.java:28)
at accessibility.Homepage.EnterEmail(Homepage.java:28)
at accessibility.Homepage.EnterEmail(Homepage.java:28)
at accessibility.Homepage.EnterEmail(Homepage.java:28)
at accessibility.Homepage.EnterEmail(Homepage.java:28)
at accessibility.Homepage.EnterEmail(Homepage.java:28)
at accessibility.Homepage.EnterEmail(Homepage.java:28)
at accessibility.Homepage.EnterEmail(Homepage.java:28)
at accessibility.Homepage.EnterEmail(Homepage.java:28)
at accessibility.Homepage.EnterEmail(Homepage.java:28)
at accessibility.Homepage.EnterEmail(Homepage.java:28)
at accessibility.Homepage.EnterEmail(Homepage.java:28)
at accessibility.Homepage.EnterEmail(Homepage.java:28)
at accessibility.Homepage.EnterEmail(Homepage.java:28)
at accessibility.Homepage.EnterEmail(Homepage.java:28)
at accessibility.Homepage.EnterEmail(Homepage.java:28)
at accessibility.Homepage.EnterEmail(Homepage.java:28)
at accessibility.Homepage.EnterEmail(Homepage.java:28)
at accessibility.Homepage.EnterEmail(Homepage.java:28)
at accessibility.Homepage.EnterEmail(Homepage.java:28)
at accessibility.Homepage.EnterEmail(Homepage.java:28)
at accessibility.Homepage.EnterEmail(Homepage.java:28)
at accessibility.Homepage.EnterEmail(Homepage.java:28)
at accessibility.Homepage.EnterEmail(Homepage.java:28)
at accessibility.Homepage.EnterEmail(Homepage.java:28)
at accessibility.Homepage.EnterEmail(Homepage.java:28)
at accessibility.Homepage.EnterEmail(Homepage.java:28)
at accessibility.Homepage.EnterEmail(Homepage.java:28)
at accessibility.Homepage.EnterEmail(Homepage.java:28)
at accessibility.Homepage.EnterEmail(Homepage.java:28)
at accessibility.Homepage.EnterEmail(Homepage.java:28)
at accessibility.Homepage.EnterEmail(Homepage.java:28)
at accessibility.Homepage.EnterEmail(Homepage.java:28)
at accessibility.Homepage.EnterEmail(Homepage.java:28)
at accessibility.Homepage.EnterEmail(Homepage.java:28)
at accessibility.Homepage.EnterEmail(Homepage.java:28)
at accessibility.Homepage.EnterEmail(Homepage.java:28)
at accessibility.Homepage.EnterEmail(Homepage.java:28)
at accessibility.Homepage.EnterEmail(Homepage.java:28)
at accessibility.Homepage.EnterEmail(Homepage.java:28)
at accessibility.Homepage.EnterEmail(Homepage.java:28)
at accessibility.Homepage.EnterEmail(Homepage.java:28)
at accessibility.Homepage.EnterEmail(Homepage.java:28)
at accessibility.Homepage.EnterEmail(Homepage.java:28)
at accessibility.Homepage.EnterEmail(Homepage.java:28)
at accessibility.Homepage.EnterEmail(Homepage.java:28)
at accessibility.Homepage.EnterEmail(Homepage.java:28)
at accessibility.Homepage.EnterEmail(Homepage.java:28)
at accessibility.Homepage.EnterEmail(Homepage.java:28)
at accessibility.Homepage.EnterEmail(Homepage.java:28)
at accessibility.Homepage.EnterEmail(Homepage.java:28)
at accessibility.Homepage.EnterEmail(Homepage.java:28)
at accessibility.Homepage.EnterEmail(Homepage.java:28)
at accessibility.Homepage.EnterEmail(Homepage.java:28)
at accessibility.Homepage.EnterEmail(Homepage.java:28)
at accessibility.Homepage.EnterEmail(Homepage.java:28)
at accessibility.Homepage.EnterEmail(Homepage.java:28)
at accessibility.Homepage.EnterEmail(Homepage.java:28)
at accessibility.Homepage.EnterEmail(Homepage.java:28)
at accessibility.Homepage.EnterEmail(Homepage.java:28)
at accessibility.Homepage.EnterEmail(Homepage.java:28)
at accessibility.Homepage.EnterEmail(Homepage.java:28)
at accessibility.Homepage.EnterEmail(Homepage.java:28)
at accessibility.Homepage.EnterEmail(Homepage.java:28)
at accessibility.Homepage.EnterEmail(Homepage.java:28)
at accessibility.Homepage.EnterEmail(Homepage.java:28)
at accessibility.Homepage.EnterEmail(Homepage.java:28)
at accessibility.Homepage.EnterEmail(Homepage.java:28)
at accessibility.Homepage.EnterEmail(Homepage.java:28)
at accessibility.Homepage.EnterEmail(Homepage.java:28)
at accessibility.Homepage.EnterEmail(Homepage.java:28)
at accessibility.Homepage.EnterEmail(Homepage.java:28)
at accessibility.Homepage.EnterEmail(Homepage.java:28)
at accessibility.Homepage.EnterEmail(Homepage.java:28)
at accessibility.Homepage.EnterEmail(Homepage.java:28)
at accessibility.Homepage.EnterEmail(Homepage.java:28)
at accessibility.Homepage.EnterEmail(Homepage.java:28)
at accessibility.Homepage.EnterEmail(Homepage.java:28)
at accessibility.Homepage.EnterEmail(Homepage.java:28)
at accessibility.Homepage.EnterEmail(Homepage.java:28)
at accessibility.Homepage.EnterEmail(Homepage.java:28)
at accessibility.Homepage.EnterEmail(Homepage.java:28)
at accessibility.Homepage.EnterEmail(Homepage.java:28)
at accessibility.Homepage.EnterEmail(Homepage.java:28)
at accessibility.Homepage.EnterEmail(Homepage.java:28)
at accessibility.Homepage.EnterEmail(Homepage.java:28)
at accessibility.Homepage.EnterEmail(Homepage.java:28)
at accessibility.Homepage.EnterEmail(Homepage.java:28)
at accessibility.Homepage.EnterEmail(Homepage.java:28)
at accessibility.Homepage.EnterEmail(Homepage.java:28)
at accessibility.Homepage.EnterEmail(Homepage.java:28)
at accessibility.Homepage.EnterEmail(Homepage.java:28)
at accessibility.Homepage.EnterEmail(Homepage.java:28)
at accessibility.Homepage.EnterEmail(Homepage.java:28)
at accessibility.Homepage.EnterEmail(Homepage.java:28)
at accessibility.Homepage.EnterEmail(Homepage.java:28)
at accessibility.Homepage.EnterEmail(Homepage.java:28)
at accessibility.Homepage.EnterEmail(Homepage.java:28)
at accessibility.Homepage.EnterEmail(Homepage.java:28)
at accessibility.Homepage.EnterEmail(Homepage.java:28)
at accessibility.Homepage.EnterEmail(Homepage.java:28)
at accessibility.Homepage.EnterEmail(Homepage.java:28)
at accessibility.Homepage.EnterEmail(Homepage.java:28)
at accessibility.Homepage.EnterEmail(Homepage.java:28)
at accessibility.Homepage.EnterEmail(Homepage.java:28)
at accessibility.Homepage.EnterEmail(Homepage.java:28)
at accessibility.Homepage.EnterEmail(Homepage.java:28)
at accessibility.Homepage.EnterEmail(Homepage.java:28)
at accessibility.Homepage.EnterEmail(Homepage.java:28)
at accessibility.Homepage.EnterEmail(Homepage.java:28)
at accessibility.Homepage.EnterEmail(Homepage.java:28)
at accessibility.Homepage.EnterEmail(Homepage.java:28)
at accessibility.Homepage.EnterEmail(Homepage.java:28)
at accessibility.Homepage.EnterEmail(Homepage.java:28)
at accessibility.Homepage.EnterEmail(Homepage.java:28)
at accessibility.Homepage.EnterEmail(Homepage.java:28)
at accessibility.Homepage.EnterEmail(Homepage.java:28)
at accessibility.Homepage.EnterEmail(Homepage.java:28)
at accessibility.Homepage.EnterEmail(Homepage.java:28)
at accessibility.Homepage.EnterEmail(Homepage.java:28)
at accessibility.Homepage.EnterEmail(Homepage.java:28)
at accessibility.Homepage.EnterEmail(Homepage.java:28)
at accessibility.Homepage.EnterEmail(Homepage.java:28)
at accessibility.Homepage.EnterEmail(Homepage.java:28)
at accessibility.Homepage.EnterEmail(Homepage.java:28)
at accessibility.Homepage.EnterEmail(Homepage.java:28)
at accessibility.Homepage.EnterEmail(Homepage.java:28)
at accessibility.Homepage.EnterEmail(Homepage.java:28)
at accessibility.Homepage.EnterEmail(Homepage.java:28)
at accessibility.Homepage.EnterEmail(Homepage.java:28)
at accessibility.Homepage.EnterEmail(Homepage.java:28)
at accessibility.Homepage.EnterEmail(Homepage.java:28)
at accessibility.Homepage.EnterEmail(Homepage.java:28)
at accessibility.Homepage.EnterEmail(Homepage.java:28)
at accessibility.Homepage.EnterEmail(Homepage.java:28)
at accessibility.Homepage.EnterEmail(Homepage.java:28)
at accessibility.Homepage.EnterEmail(Homepage.java:28)
at accessibility.Homepage.EnterEmail(Homepage.java:28)
at accessibility.Homepage.EnterEmail(Homepage.java:28)
at accessibility.Homepage.EnterEmail(Homepage.java:28)
at accessibility.Homepage.EnterEmail(Homepage.java:28)
at accessibility.Homepage.EnterEmail(Homepage.java:28)
at accessibility.Homepage.EnterEmail(Homepage.java:28)
at accessibility.Homepage.EnterEmail(Homepage.java:28)
at accessibility.Homepage.EnterEmail(Homepage.java:28)
at accessibility.Homepage.EnterEmail(Homepage.java:28)
at accessibility.Homepage.EnterEmail(Homepage.java:28)
at accessibility.Homepage.EnterEmail(Homepage.java:28)
at accessibility.Homepage.EnterEmail(Homepage.java:28)
at accessibility.Homepage.EnterEmail(Homepage.java:28)
at accessibility.Homepage.EnterEmail(Homepage.java:28)
at accessibility.Homepage.EnterEmail(Homepage.java:28)
at accessibility.Homepage.EnterEmail(Homepage.java:28)
at accessibility.Homepage.EnterEmail(Homepage.java:28)
at accessibility.Homepage.EnterEmail(Homepage.java:28)
at accessibility.Homepage.EnterEmail(Homepage.java:28)
at accessibility.Homepage.EnterEmail(Homepage.java:28)
at accessibility.Homepage.EnterEmail(Homepage.java:28)
at accessibility.Homepage.EnterEmail(Homepage.java:28)
at accessibility.Homepage.EnterEmail(Homepage.java:28)
at accessibility.Homepage.EnterEmail(Homepage.java:28)
at accessibility.Homepage.EnterEmail(Homepage.java:28)
at accessibility.Homepage.EnterEmail(Homepage.java:28)
at accessibility.Homepage.EnterEmail(Homepage.java:28)
at accessibility.Homepage.EnterEmail(Homepage.java:28)
at accessibility.Homepage.EnterEmail(Homepage.java:28)
at accessibility.Homepage.EnterEmail(Homepage.java:28)
at accessibility.Homepage.EnterEmail(Homepage.java:28)
at accessibility.Homepage.EnterEmail(Homepage.java:28)
at accessibility.Homepage.EnterEmail(Homepage.java:28)
at accessibility.Homepage.EnterEmail(Homepage.java:28)
at accessibility.Homepage.EnterEmail(Homepage.java:28)
at accessibility.Homepage.EnterEmail(Homepage.java:28)
at accessibility.Homepage.EnterEmail(Homepage.java:28)
at accessibility.Homepage.EnterEmail(Homepage.java:28)
at accessibility.Homepage.EnterEmail(Homepage.java:28)
at accessibility.Homepage.EnterEmail(Homepage.java:28)
at accessibility.Homepage.EnterEmail(Homepage.java:28)
at accessibility.Homepage.EnterEmail(Homepage.java:28)
at accessibility.Homepage.EnterEmail(Homepage.java:28)
at accessibility.Homepage.EnterEmail(Homepage.java:28)
at accessibility.Homepage.EnterEmail(Homepage.java:28)
at accessibility.Homepage.EnterEmail(Homepage.java:28)
at accessibility.Homepage.EnterEmail(Homepage.java:28)
at accessibility.Homepage.EnterEmail(Homepage.java:28)
at accessibility.Homepage.EnterEmail(Homepage.java:28)
at accessibility.Homepage.EnterEmail(Homepage.java:28)
at accessibility.Homepage.EnterEmail(Homepage.java:28)
at accessibility.Homepage.EnterEmail(Homepage.java:28)
at accessibility.Homepage.EnterEmail(Homepage.java:28)
at accessibility.Homepage.EnterEmail(Homepage.java:28)
at accessibility.Homepage.EnterEmail(Homepage.java:28)
at accessibility.Homepage.EnterEmail(Homepage.java:28)
at accessibility.Homepage.EnterEmail(Homepage.java:28)
at accessibility.Homepage.EnterEmail(Homepage.java:28)
at accessibility.Homepage.EnterEmail(Homepage.java:28)
at accessibility.Homepage.EnterEmail(Homepage.java:28)
at accessibility.Homepage.EnterEmail(Homepage.java:28)
at accessibility.Homepage.EnterEmail(Homepage.java:28)
at accessibility.Homepage.EnterEmail(Homepage.java:28)
at accessibility.Homepage.EnterEmail(Homepage.java:28)
at accessibility.Homepage.EnterEmail(Homepage.java:28)
at accessibility.Homepage.EnterEmail(Homepage.java:28)
at accessibility.Homepage.EnterEmail(Homepage.java:28)
at accessibility.Homepage.EnterEmail(Homepage.java:28)
at accessibility.Homepage.EnterEmail(Homepage.java:28)
at accessibility.Homepage.EnterEmail(Homepage.java:28)
at accessibility.Homepage.EnterEmail(Homepage.java:28)
at accessibility.Homepage.EnterEmail(Homepage.java:28)
at accessibility.Homepage.EnterEmail(Homepage.java:28)
at accessibility.Homepage.EnterEmail(Homepage.java:28)
at accessibility.Homepage.EnterEmail(Homepage.java:28)
at accessibility.Homepage.EnterEmail(Homepage.java:28)
at accessibility.Homepage.EnterEmail(Homepage.java:28)
at accessibility.Homepage.EnterEmail(Homepage.java:28)
at accessibility.Homepage.EnterEmail(Homepage.java:28)
at accessibility.Homepage.EnterEmail(Homepage.java:28)
at accessibility.Homepage.EnterEmail(Homepage.java:28)
at accessibility.Homepage.EnterEmail(Homepage.java:28)
at accessibility.Homepage.EnterEmail(Homepage.java:28)
at accessibility.Homepage.EnterEmail(Homepage.java:28)
at accessibility.Homepage.EnterEmail(Homepage.java:28)
at accessibility.Homepage.EnterEmail(Homepage.java:28)
at accessibility.Homepage.EnterEmail(Homepage.java:28)
at accessibility.Homepage.EnterEmail(Homepage.java:28)
at accessibility.Homepage.EnterEmail(Homepage.java:28)
at accessibility.Homepage.EnterEmail(Homepage.java:28)
at accessibility.Homepage.EnterEmail(Homepage.java:28)
at accessibility.Homepage.EnterEmail(Homepage.java:28)
at accessibility.Homepage.EnterEmail(Homepage.java:28)
at accessibility.Homepage.EnterEmail(Homepage.java:28)
at accessibility.Homepage.EnterEmail(Homepage.java:28)
at accessibility.Homepage.EnterEmail(Homepage.java:28)
at accessibility.Homepage.EnterEmail(Homepage.java:28)
at accessibility.Homepage.EnterEmail(Homepage.java:28)
at accessibility.Homepage.EnterEmail(Homepage.java:28)
at accessibility.Homepage.EnterEmail(Homepage.java:28)
at accessibility.Homepage.EnterEmail(Homepage.java:28)
at accessibility.Homepage.EnterEmail(Homepage.java:28)
at accessibility.Homepage.EnterEmail(Homepage.java:28)
at accessibility.Homepage.EnterEmail(Homepage.java:28)
at accessibility.Homepage.EnterEmail(Homepage.java:28)
at accessibility.Homepage.EnterEmail(Homepage.java:28)
at accessibility.Homepage.EnterEmail(Homepage.java:28)
at accessibility.Homepage.EnterEmail(Homepage.java:28)
at accessibility.Homepage.EnterEmail(Homepage.java:28)
at accessibility.Homepage.EnterEmail(Homepage.java:28)
at accessibility.Homepage.EnterEmail(Homepage.java:28)
at accessibility.Homepage.EnterEmail(Homepage.java:28)
at accessibility.Homepage.EnterEmail(Homepage.java:28)
at accessibility.Homepage.EnterEmail(Homepage.java:28)
at accessibility.Homepage.EnterEmail(Homepage.java:28)
at accessibility.Homepage.EnterEmail(Homepage.java:28)
at accessibility.Homepage.EnterEmail(Homepage.java:28)
at accessibility.Homepage.EnterEmail(Homepage.java:28)
at accessibility.Homepage.EnterEmail(Homepage.java:28)
at accessibility.Homepage.EnterEmail(Homepage.java:28)
at accessibility.Homepage.EnterEmail(Homepage.java:28)
at accessibility.Homepage.EnterEmail(Homepage.java:28)
at accessibility.Homepage.EnterEmail(Homepage.java:28)
at accessibility.Homepage.EnterEmail(Homepage.java:28)
at accessibility.Homepage.EnterEmail(Homepage.java:28)
at accessibility.Homepage.EnterEmail(Homepage.java:28)
at accessibility.Homepage.EnterEmail(Homepage.java:28)
at accessibility.Homepage.EnterEmail(Homepage.java:28)
at accessibility.Homepage.EnterEmail(Homepage.java:28)
at accessibility.Homepage.EnterEmail(Homepage.java:28)
at accessibility.Homepage.EnterEmail(Homepage.java:28)
at accessibility.Homepage.EnterEmail(Homepage.java:28)
at accessibility.Homepage.EnterEmail(Homepage.java:28)
at accessibility.Homepage.EnterEmail(Homepage.java:28)
at accessibility.Homepage.EnterEmail(Homepage.java:28)
at accessibility.Homepage.EnterEmail(Homepage.java:28)
at accessibility.Homepage.EnterEmail(Homepage.java:28)
at accessibility.Homepage.EnterEmail(Homepage.java:28)
at accessibility.Homepage.EnterEmail(Homepage.java:28)
at accessibility.Homepage.EnterEmail(Homepage.java:28)
at accessibility.Homepage.EnterEmail(Homepage.java:28)
at accessibility.Homepage.EnterEmail(Homepage.java:28)
at accessibility.Homepage.EnterEmail(Homepage.java:28)
at accessibility.Homepage.EnterEmail(Homepage.java:28)
at accessibility.Homepage.EnterEmail(Homepage.java:28)
at accessibility.Homepage.EnterEmail(Homepage.java:28)
at accessibility.Homepage.EnterEmail(Homepage.java:28)
at accessibility.Homepage.EnterEmail(Homepage.java:28)
at accessibility.Homepage.EnterEmail(Homepage.java:28)
at accessibility.Homepage.EnterEmail(Homepage.java:28)
at accessibility.Homepage.EnterEmail(Homepage.java:28)
at accessibility.Homepage.EnterEmail(Homepage.java:28)
at accessibility.Homepage.EnterEmail(Homepage.java:28)
at accessibility.Homepage.EnterEmail(Homepage.java:28)
at accessibility.Homepage.EnterEmail(Homepage.java:28)
at accessibility.Homepage.EnterEmail(Homepage.java:28)
at accessibility.Homepage.EnterEmail(Homepage.java:28)
at accessibility.Homepage.EnterEmail(Homepage.java:28)
at accessibility.Homepage.EnterEmail(Homepage.java:28)
at accessibility.Homepage.EnterEmail(Homepage.java:28)
at accessibility.Homepage.EnterEmail(Homepage.java:28)
at accessibility.Homepage.EnterEmail(Homepage.java:28)
at accessibility.Homepage.EnterEmail(Homepage.java:28)
at accessibility.Homepage.EnterEmail(Homepage.java:28)
at accessibility.Homepage.EnterEmail(Homepage.java:28)
at accessibility.Homepage.EnterEmail(Homepage.java:28)
at accessibility.Homepage.EnterEmail(Homepage.java:28)
at accessibility.Homepage.EnterEmail(Homepage.java:28)
at accessibility.Homepage.EnterEmail(Homepage.java:28)
at accessibility.Homepage.EnterEmail(Homepage.java:28)
at accessibility.Homepage.EnterEmail(Homepage.java:28)
at accessibility.Homepage.EnterEmail(Homepage.java:28)
at accessibility.Homepage.EnterEmail(Homepage.java:28)
at accessibility.Homepage.EnterEmail(Homepage.java:28)
at accessibility.Homepage.EnterEmail(Homepage.java:28)
at accessibility.Homepage.EnterEmail(Homepage.java:28)
at accessibility.Homepage.EnterEmail(Homepage.java:28)
at accessibility.Homepage.EnterEmail(Homepage.java:28)
at accessibility.Homepage.EnterEmail(Homepage.java:28)
at accessibility.Homepage.EnterEmail(Homepage.java:28)
at accessibility.Homepage.EnterEmail(Homepage.java:28)
at accessibility.Homepage.EnterEmail(Homepage.java:28)
at accessibility.Homepage.EnterEmail(Homepage.java:28)
at accessibility.Homepage.EnterEmail(Homepage.java:28)
at accessibility.Homepage.EnterEmail(Homepage.java:28)
at accessibility.Homepage.EnterEmail(Homepage.java:28)
at accessibility.Homepage.EnterEmail(Homepage.java:28)
at accessibility.Homepage.EnterEmail(Homepage.java:28)
at accessibility.Homepage.EnterEmail(Homepage.java:28)
at accessibility.Homepage.EnterEmail(Homepage.java:28)
at accessibility.Homepage.EnterEmail(Homepage.java:28)
at accessibility.Homepage.EnterEmail(Homepage.java:28)
at accessibility.Homepage.EnterEmail(Homepage.java:28)
at accessibility.Homepage.EnterEmail(Homepage.java:28)
at accessibility.Homepage.EnterEmail(Homepage.java:28)
at accessibility.Homepage.EnterEmail(Homepage.java:28)
at accessibility.Homepage.EnterEmail(Homepage.java:28)
at accessibility.Homepage.EnterEmail(Homepage.java:28)
at accessibility.Homepage.EnterEmail(Homepage.java:28)
at accessibility.Homepage.EnterEmail(Homepage.java:28)
at accessibility.Homepage.EnterEmail(Homepage.java:28)
at accessibility.Homepage.EnterEmail(Homepage.java:28)
at accessibility.Homepage.EnterEmail(Homepage.java:28)
at accessibility.Homepage.EnterEmail(Homepage.java:28)
at accessibility.Homepage.EnterEmail(Homepage.java:28)
at accessibility.Homepage.EnterEmail(Homepage.java:28)
at accessibility.Homepage.EnterEmail(Homepage.java:28)
at accessibility.Homepage.EnterEmail(Homepage.java:28)
at accessibility.Homepage.EnterEmail(Homepage.java:28)
at accessibility.Homepage.EnterEmail(Homepage.java:28)
at accessibility.Homepage.EnterEmail(Homepage.java:28)
at accessibility.Homepage.EnterEmail(Homepage.java:28)
at accessibility.Homepage.EnterEmail(Homepage.java:28)
at accessibility.Homepage.EnterEmail(Homepage.java:28)
at accessibility.Homepage.EnterEmail(Homepage.java:28)
at accessibility.Homepage.EnterEmail(Homepage.java:28)
at accessibility.Homepage.EnterEmail(Homepage.java:28)
at accessibility.Homepage.EnterEmail(Homepage.java:28)
at accessibility.Homepage.EnterEmail(Homepage.java:28)
at accessibility.Homepage.EnterEmail(Homepage.java:28)
at accessibility.Homepage.EnterEmail(Homepage.java:28)
at accessibility.Homepage.EnterEmail(Homepage.java:28)
at accessibility.Homepage.EnterEmail(Homepage.java:28)
at accessibility.Homepage.EnterEmail(Homepage.java:28)
at accessibility.Homepage.EnterEmail(Homepage.java:28)
at accessibility.Homepage.EnterEmail(Homepage.java:28)
at accessibility.Homepage.EnterEmail(Homepage.java:28)
at accessibility.Homepage.EnterEmail(Homepage.java:28)
at accessibility.Homepage.EnterEmail(Homepage.java:28)
at accessibility.Homepage.EnterEmail(Homepage.java:28)
at accessibility.Homepage.EnterEmail(Homepage.java:28)
at accessibility.Homepage.EnterEmail(Homepage.java:28)
at accessibility.Homepage.EnterEmail(Homepage.java:28)
at accessibility.Homepage.EnterEmail(Homepage.java:28)
at accessibility.Homepage.EnterEmail(Homepage.java:28)
at accessibility.Homepage.EnterEmail(Homepage.java:28)
at accessibility.Homepage.EnterEmail(Homepage.java:28)
at accessibility.Homepage.EnterEmail(Homepage.java:28)
at accessibility.Homepage.EnterEmail(Homepage.java:28)
at accessibility.Homepage.EnterEmail(Homepage.java:28)
at accessibility.Homepage.EnterEmail(Homepage.java:28)
at accessibility.Homepage.EnterEmail(Homepage.java:28)
at accessibility.Homepage.EnterEmail(Homepage.java:28)
at accessibility.Homepage.EnterEmail(Homepage.java:28)
at accessibility.Homepage.EnterEmail(Homepage.java:28)
at accessibility.Homepage.EnterEmail(Homepage.java:28)
at accessibility.Homepage.EnterEmail(Homepage.java:28)
at accessibility.Homepage.EnterEmail(Homepage.java:28)
at accessibility.Homepage.EnterEmail(Homepage.java:28)
at accessibility.Homepage.EnterEmail(Homepage.java:28)
at accessibility.Homepage.EnterEmail(Homepage.java:28)
at accessibility.Homepage.EnterEmail(Homepage.java:28)
at accessibility.Homepage.EnterEmail(Homepage.java:28)
at accessibility.Homepage.EnterEmail(Homepage.java:28)
at accessibility.Homepage.EnterEmail(Homepage.java:28)
at accessibility.Homepage.EnterEmail(Homepage.java:28)
at accessibility.Homepage.EnterEmail(Homepage.java:28)
at accessibility.Homepage.EnterEmail(Homepage.java:28)
at accessibility.Homepage.EnterEmail(Homepage.java:28)
at accessibility.Homepage.EnterEmail(Homepage.java:28)
at accessibility.Homepage.EnterEmail(Homepage.java:28)
at accessibility.Homepage.EnterEmail(Homepage.java:28)
at accessibility.Homepage.EnterEmail(Homepage.java:28)
at accessibility.Homepage.EnterEmail(Homepage.java:28)
at accessibility.Homepage.EnterEmail(Homepage.java:28)
at accessibility.Homepage.EnterEmail(Homepage.java:28)
at accessibility.Homepage.EnterEmail(Homepage.java:28)
at accessibility.Homepage.EnterEmail(Homepage.java:28)
at accessibility.Homepage.EnterEmail(Homepage.java:28)
at accessibility.Homepage.EnterEmail(Homepage.java:28)
at accessibility.Homepage.EnterEmail(Homepage.java:28)
at accessibility.Homepage.EnterEmail(Homepage.java:28)
at accessibility.Homepage.EnterEmail(Homepage.java:28)
at accessibility.Homepage.EnterEmail(Homepage.java:28)
at accessibility.Homepage.EnterEmail(Homepage.java:28)
at accessibility.Homepage.EnterEmail(Homepage.java:28)
at accessibility.Homepage.EnterEmail(Homepage.java:28)
at accessibility.Homepage.EnterEmail(Homepage.java:28)
at accessibility.Homepage.EnterEmail(Homepage.java:28)
at accessibility.Homepage.EnterEmail(Homepage.java:28)
at accessibility.Homepage.EnterEmail(Homepage.java:28)
at accessibility.Homepage.EnterEmail(Homepage.java:28)
at accessibility.Homepage.EnterEmail(Homepage.java:28)
at accessibility.Homepage.EnterEmail(Homepage.java:28)
at accessibility.Homepage.EnterEmail(Homepage.java:28)
at accessibility.Homepage.EnterEmail(Homepage.java:28)
at accessibility.Homepage.EnterEmail(Homepage.java:28)
at accessibility.Homepage.EnterEmail(Homepage.java:28)
at accessibility.Homepage.EnterEmail(Homepage.java:28)
at accessibility.Homepage.EnterEmail(Homepage.java:28)
at accessibility.Homepage.EnterEmail(Homepage.java:28)
at accessibility.Homepage.EnterEmail(Homepage.java:28)
at accessibility.Homepage.EnterEmail(Homepage.java:28)
at accessibility.Homepage.EnterEmail(Homepage.java:28)
at accessibility.Homepage.EnterEmail(Homepage.java:28)
at accessibility.Homepage.EnterEmail(Homepage.java:28)
at accessibility.Homepage.EnterEmail(Homepage.java:28)
at accessibility.Homepage.EnterEmail(Homepage.java:28)
at accessibility.Homepage.EnterEmail(Homepage.java:28)
at accessibility.Homepage.EnterEmail(Homepage.java:28)
at accessibility.Homepage.EnterEmail(Homepage.java:28)
at accessibility.Homepage.EnterEmail(Homepage.java:28)
at accessibility.Homepage.EnterEmail(Homepage.java:28)
at accessibility.Homepage.EnterEmail(Homepage.java:28)
at accessibility.Homepage.EnterEmail(Homepage.java:28)
at accessibility.Homepage.EnterEmail(Homepage.java:28)
at accessibility.Homepage.EnterEmail(Homepage.java:28)
at accessibility.Homepage.EnterEmail(Homepage.java:28)
at accessibility.Homepage.EnterEmail(Homepage.java:28)
at accessibility.Homepage.EnterEmail(Homepage.java:28)
at accessibility.Homepage.EnterEmail(Homepage.java:28)
at accessibility.Homepage.EnterEmail(Homepage.java:28)
at accessibility.Homepage.EnterEmail(Homepage.java:28)
at accessibility.Homepage.EnterEmail(Homepage.java:28)
at accessibility.Homepage.EnterEmail(Homepage.java:28)
at accessibility.Homepage.EnterEmail(Homepage.java:28)
at accessibility.Homepage.EnterEmail(Homepage.java:28)
at accessibility.Homepage.EnterEmail(Homepage.java:28)
at accessibility.Homepage.EnterEmail(Homepage.java:28)
at accessibility.Homepage.EnterEmail(Homepage.java:28)
at accessibility.Homepage.EnterEmail(Homepage.java:28)
at accessibility.Homepage.EnterEmail(Homepage.java:28)
at accessibility.Homepage.EnterEmail(Homepage.java:28)
]]>
    </error>
  </testcase> <!-- EnterEmail -->
  <system-out/>
</testsuite> <!-- accessibility.Homepage -->
